2016-04-06 00:12:58 INFO  TestStreamUtils$TestServerForClientLogin:94 - test server was run
2016-04-06 00:12:58 INFO  TestStreamUtils:57 - ***SecondThread was run
2016-04-06 00:13:03 INFO  TestStreamUtils:31 - ***Connection completed
2016-04-06 00:13:03 INFO  TestStreamUtils:103 - ***First client was accept
2016-04-06 00:13:08 INFO  TestStreamUtils:64 - ***Connection completed
2016-04-06 00:13:08 INFO  TestStreamUtils:107 - ***Second client was accept
2016-04-06 00:13:08 INFO  TestStreamUtils:77 - ***File was send
2016-04-06 00:20:46 INFO  TestStreamUtils$TestServerForClientLogin:94 - test server was run
2016-04-06 00:20:46 INFO  TestStreamUtils:57 - ***SecondThread was run
2016-04-06 00:20:46 INFO  TestStreamUtils:81 - ***IOException
2016-04-06 00:20:46 INFO  TestStreamUtils:83 - ***SecondThread was killed
2016-04-06 00:21:07 INFO  TestStreamUtils$TestServerForClientLogin:94 - test server was run
2016-04-06 00:21:07 INFO  TestStreamUtils:57 - ***SecondThread was run
2016-04-06 00:21:12 INFO  TestStreamUtils:31 - ***First connection completed
2016-04-06 00:21:12 INFO  TestStreamUtils:103 - ***First client was accept
2016-04-06 00:21:17 INFO  TestStreamUtils:64 - ***SecondThread connection completed
2016-04-06 00:21:17 INFO  TestStreamUtils:107 - ***Second client was accept
2016-04-06 00:21:17 INFO  TestStreamUtils:77 - ***File was send
2016-04-06 00:21:17 INFO  TestStreamUtils:83 - ***SecondThread was killed
2016-04-06 00:24:41 INFO  TestStreamUtils$TestServerForClientLogin:96 - test server was run
2016-04-06 00:24:41 INFO  TestStreamUtils:57 - ***SecondThread was run
2016-04-06 00:24:46 INFO  TestStreamUtils:31 - ***First connection completed
2016-04-06 00:24:46 INFO  TestStreamUtils$TestServerForClientLogin:105 - ***First client was accept
2016-04-06 00:24:51 INFO  TestStreamUtils:64 - ***SecondThread connection completed
2016-04-06 00:24:51 INFO  TestStreamUtils$TestServerForClientLogin:109 - ***Second client was accept
2016-04-06 00:24:51 INFO  TestStreamUtils:79 - ***File was send
2016-04-06 00:24:51 INFO  TestStreamUtils:85 - ***SecondThread was killed
2016-04-06 00:24:51 INFO  StreamUtils:69 - ***File was send (before flush)
2016-04-06 00:24:51 INFO  StreamUtils:78 - ***File was correctly send
2016-04-06 00:24:51 INFO  TestStreamUtils$TestServerForClientLogin:116 - killed test server
2016-04-06 00:28:30 INFO  TestStreamUtils$TestServerForClientLogin:96 - test server was run
2016-04-06 00:28:30 INFO  TestStreamUtils:57 - ***SecondThread was run
2016-04-06 00:28:35 INFO  TestStreamUtils:31 - ***First connection completed
2016-04-06 00:28:35 INFO  TestStreamUtils$TestServerForClientLogin:105 - ***First client was accept
2016-04-06 00:28:40 INFO  TestStreamUtils:64 - ***SecondThread connection completed
2016-04-06 00:28:40 INFO  TestStreamUtils$TestServerForClientLogin:109 - ***Second client was accept
2016-04-06 00:28:40 INFO  TestStreamUtils:79 - ***File was send
2016-04-06 00:28:40 INFO  TestStreamUtils:85 - ***SecondThread was killed
2016-04-06 00:28:40 INFO  StreamUtils:69 - ***File was send (before flush)
2016-04-06 00:28:40 INFO  StreamUtils:78 - ***File was correctly send
2016-04-06 00:28:40 INFO  TestStreamUtils$TestServerForClientLogin:116 - killed test server
2016-04-06 00:30:39 INFO  TestStreamUtils$TestServerForClientLogin:96 - test server was run
2016-04-06 00:30:39 INFO  TestStreamUtils:57 - ***SecondThread was run
2016-04-06 00:30:44 INFO  TestStreamUtils:31 - ***First connection completed
2016-04-06 00:30:44 INFO  TestStreamUtils$TestServerForClientLogin:105 - ***First client was accept
2016-04-06 00:30:49 INFO  TestStreamUtils:64 - ***SecondThread connection completed
2016-04-06 00:30:49 INFO  TestStreamUtils$TestServerForClientLogin:109 - ***Second client was accept
2016-04-06 00:30:49 INFO  TestStreamUtils:79 - ***File was send
2016-04-06 00:30:49 INFO  TestStreamUtils:85 - ***SecondThread was killed
2016-04-06 00:30:49 INFO  StreamUtils:69 - ***File was send (before flush)
2016-04-06 00:30:49 INFO  TestStreamUtils:42 - ***Save file completed (before flush)
2016-04-06 00:30:49 INFO  StreamUtils:78 - ***File was correctly send
2016-04-06 00:30:49 INFO  TestStreamUtils$TestServerForClientLogin:116 - killed test server
2016-04-06 00:30:49 INFO  TestStreamUtils:45 - ***Save file was completed
2016-04-06 00:34:25 INFO  TestStreamUtils$TestServerForClientLogin:102 - test server was run
2016-04-06 00:34:25 INFO  TestStreamUtils:63 - ***SecondThread was run
2016-04-06 00:34:30 INFO  TestStreamUtils:37 - ***First connection completed
2016-04-06 00:34:30 INFO  TestStreamUtils$TestServerForClientLogin:111 - ***First client was accept
2016-04-06 00:34:35 INFO  TestStreamUtils:70 - ***SecondThread connection completed
2016-04-06 00:34:35 INFO  TestStreamUtils$TestServerForClientLogin:115 - ***Second client was accept
2016-04-06 00:34:35 INFO  TestStreamUtils:85 - ***File was send
2016-04-06 00:34:35 INFO  TestStreamUtils:91 - ***SecondThread was killed
2016-04-06 00:34:35 INFO  StreamUtils:69 - ***File was send (before flush)
2016-04-06 00:34:35 INFO  TestStreamUtils:48 - ***Save file completed (before flush)
2016-04-06 00:34:35 INFO  StreamUtils:78 - ***File was correctly send
2016-04-06 00:34:35 INFO  TestStreamUtils$TestServerForClientLogin:122 - killed test server
2016-04-06 00:34:35 INFO  TestStreamUtils:51 - ***Save file was completed
